Determining if the pthread_create exist failed with the following output:
Change Dir: /home/pat/catkin_ws/src/maggie_eyelids_analyzer/build/CMakeFiles/CMakeTmp

Run Build Command:/usr/bin/make "cmTryCompileExec2196740701/fast"
make[1]: Entering directory `/home/pat/catkin_ws/src/maggie_eyelids_analyzer/build/CMakeFiles/CMakeTmp'
/usr/bin/make -f CMakeFiles/cmTryCompileExec2196740701.dir/build.make CMakeFiles/cmTryCompileExec2196740701.dir/build
make[2]: Entering directory `/home/pat/catkin_ws/src/maggie_eyelids_analyzer/build/CMakeFiles/CMakeTmp'
/usr/bin/cmake -E cmake_progress_report /home/pat/catkin_ws/src/maggie_eyelids_analyzer/build/CMakeFiles/CMakeTmp/CMakeFiles 1
Building C object CMakeFiles/cmTryCompileExec2196740701.dir/CheckSymbolExists.c.o
/usr/bin/cc    -o CMakeFiles/cmTryCompileExec2196740701.dir/CheckSymbolExists.c.o   -c /home/pat/catkin_ws/src/maggie_eyelids_analyzer/build/CMakeFiles/CMakeTmp/CheckSymbolExists.c
Linking C executable cmTryCompileExec2196740701
/usr/bin/cmake -E cmake_link_script CMakeFiles/cmTryCompileExec2196740701.dir/link.txt --verbose=1
/usr/bin/cc       CMakeFiles/cmTryCompileExec2196740701.dir/CheckSymbolExists.c.o  -o cmTryCompileExec2196740701 -rdynamic 
CMakeFiles/cmTryCompileExec2196740701.dir/CheckSymbolExists.c.o: In function `main':
CheckSymbolExists.c:(.text+0xa): undefined reference to `pthread_create'
collect2: error: ld returned 1 exit status
make[2]: *** [cmTryCompileExec2196740701] Error 1
make[2]: Leaving directory `/home/pat/catkin_ws/src/maggie_eyelids_analyzer/build/CMakeFiles/CMakeTmp'
make[1]: *** [cmTryCompileExec2196740701/fast] Error 2
make[1]: Leaving directory `/home/pat/catkin_ws/src/maggie_eyelids_analyzer/build/CMakeFiles/CMakeTmp'

File /home/pat/catkin_ws/src/maggie_eyelids_analyzer/build/CMakeFiles/CMakeTmp/CheckSymbolExists.c:
/* */
#include <pthread.h>

int main(int argc, char** argv)
{
  (void)argv;
#ifndef pthread_create
  return ((int*)(&pthread_create))[argc];
#else
  (void)argc;
  return 0;
#endif
}

Determining if the function pthread_create exists in the pthreads failed with the following output:
Change Dir: /home/pat/catkin_ws/src/maggie_eyelids_analyzer/build/CMakeFiles/CMakeTmp

Run Build Command:/usr/bin/make "cmTryCompileExec510327581/fast"
make[1]: Entering directory `/home/pat/catkin_ws/src/maggie_eyelids_analyzer/build/CMakeFiles/CMakeTmp'
/usr/bin/make -f CMakeFiles/cmTryCompileExec510327581.dir/build.make CMakeFiles/cmTryCompileExec510327581.dir/build
make[2]: Entering directory `/home/pat/catkin_ws/src/maggie_eyelids_analyzer/build/CMakeFiles/CMakeTmp'
/usr/bin/cmake -E cmake_progress_report /home/pat/catkin_ws/src/maggie_eyelids_analyzer/build/CMakeFiles/CMakeTmp/CMakeFiles 1
Building C object CMakeFiles/cmTryCompileExec510327581.dir/CheckFunctionExists.c.o
/usr/bin/cc   -DCHECK_FUNCTION_EXISTS=pthread_create   -o CMakeFiles/cmTryCompileExec510327581.dir/CheckFunctionExists.c.o   -c /usr/share/cmake-2.8/Modules/CheckFunctionExists.c
Linking C executable cmTryCompileExec510327581
/usr/bin/cmake -E cmake_link_script CMakeFiles/cmTryCompileExec510327581.dir/link.txt --verbose=1
/usr/bin/cc   -DCHECK_FUNCTION_EXISTS=pthread_create    CMakeFiles/cmTryCompileExec510327581.dir/CheckFunctionExists.c.o  -o cmTryCompileExec510327581 -rdynamic -lpthreads 
/usr/bin/ld: cannot find -lpthreads
collect2: error: ld returned 1 exit status
make[2]: *** [cmTryCompileExec510327581] Error 1
make[2]: Leaving directory `/home/pat/catkin_ws/src/maggie_eyelids_analyzer/build/CMakeFiles/CMakeTmp'
make[1]: *** [cmTryCompileExec510327581/fast] Error 2
make[1]: Leaving directory `/home/pat/catkin_ws/src/maggie_eyelids_analyzer/build/CMakeFiles/CMakeTmp'


